Flow report for binary_decoder_top
Thu May 11 11:57:06 2023
Quartus II Version 10.1 Build 153 11/29/2010 SJ Full Version


---------------------
; Table of Contents ;
---------------------
  1. Legal Notice
  2. Flow Summary
  3. Flow Settings
  4. Flow Non-Default Global Settings
  5. Flow Elapsed Time
  6. Flow OS Summary
  7. Flow Log



----------------
; Legal Notice ;
----------------
Copyright (C) 1991-2010 Altera Corporation
Your use of Altera Corporation's design tools, logic functions 
and other software and tools, and its AMPP partner logic 
functions, and any output files from any of the foregoing 
(including device programming or simulation files), and any 
associated documentation or information are expressly subject 
to the terms and conditions of the Altera Program License 
Subscription Agreement, Altera MegaCore Function License 
Agreement, or other applicable license agreement, including, 
without limitation, that your use is for the sole purpose of 
programming logic devices manufactured by Altera and sold by 
Altera or its authorized distributors.  Please refer to the 
applicable agreement for further details.



+--------------------------------------------------------------------------------+
; Flow Summary                                                                   ;
+------------------------------------+-------------------------------------------+
; Flow Status                        ; Successful - Thu May 11 11:57:06 2023     ;
; Quartus II Version                 ; 10.1 Build 153 11/29/2010 SJ Full Version ;
; Revision Name                      ; binary_decoder_top                        ;
; Top-level Entity Name              ; binary_decoder_2to4                       ;
; Family                             ; Cyclone IV E                              ;
; Device                             ; EP4CE115F29C7                             ;
; Timing Models                      ; Final                                     ;
; Total logic elements               ; 4 / 114,480 ( < 1 % )                     ;
;     Total combinational functions  ; 4 / 114,480 ( < 1 % )                     ;
;     Dedicated logic registers      ; 0 / 114,480 ( 0 % )                       ;
; Total registers                    ; 0                                         ;
; Total pins                         ; 6 / 529 ( 1 % )                           ;
; Total virtual pins                 ; 0                                         ;
; Total memory bits                  ; 0 / 3,981,312 ( 0 % )                     ;
; Embedded Multiplier 9-bit elements ; 0 / 532 ( 0 % )                           ;
; Total PLLs                         ; 0 / 4 ( 0 % )                             ;
+------------------------------------+-------------------------------------------+


+-----------------------------------------+
; Flow Settings                           ;
+-------------------+---------------------+
; Option            ; Setting             ;
+-------------------+---------------------+
; Start date & time ; 05/11/2023 11:56:27 ;
; Main task         ; Compilation         ;
; Revision Name     ; binary_decoder_top  ;
+-------------------+---------------------+


+-----------------------------------------------------------------------------------------------------------------------------------------+
; Flow Non-Default Global Settings                                                                                                        ;
+-------------------------------------+---------------------------------------+--------------------+---------------------+----------------+
; Assignment Name                     ; Value                                 ; Default Value      ; Entity Name         ; Section Id     ;
+-------------------------------------+---------------------------------------+--------------------+---------------------+----------------+
; COMPILER_SIGNATURE_ID               ; 260535860565070.168380258721116       ; --                 ; --                  ; --             ;
; EDA_OUTPUT_DATA_FORMAT              ; Vhdl                                  ; --                 ; --                  ; eda_simulation ;
; EDA_SIMULATION_TOOL                 ; ModelSim (VHDL)                       ; <None>             ; --                  ; --             ;
; EDA_TIME_SCALE                      ; 1 ps                                  ; --                 ; --                  ; eda_simulation ;
; MAX_CORE_JUNCTION_TEMP              ; 85                                    ; --                 ; --                  ; --             ;
; MIN_CORE_JUNCTION_TEMP              ; 0                                     ; --                 ; --                  ; --             ;
; NOMINAL_CORE_SUPPLY_VOLTAGE         ; 1.2V                                  ; --                 ; --                  ; --             ;
; PARTITION_COLOR                     ; 16764057                              ; --                 ; binary_decoder_2to4 ; Top            ;
; PARTITION_FITTER_PRESERVATION_LEVEL ; PLACEMENT_AND_ROUTING                 ; --                 ; binary_decoder_2to4 ; Top            ;
; PARTITION_NETLIST_TYPE              ; SOURCE                                ; --                 ; binary_decoder_2to4 ; Top            ;
; POWER_BOARD_THERMAL_MODEL           ; None (CONSERVATIVE)                   ; --                 ; --                  ; --             ;
; POWER_PRESET_COOLING_SOLUTION       ; 23 MM HEAT SINK WITH 200 LFPM AIRFLOW ; --                 ; --                  ; --             ;
; TOP_LEVEL_ENTITY                    ; binary_decoder_2to4                   ; binary_decoder_top ; --                  ; --             ;
+-------------------------------------+---------------------------------------+--------------------+---------------------+----------------+


+-------------------------------------------------------------------------------------------------------------------------------+
; Flow Elapsed Time                                                                                                             ;
+---------------------------+--------------+-------------------------+---------------------+------------------------------------+
; Module Name               ; Elapsed Time ; Average Processors Used ; Peak Virtual Memory ; Total CPU Time (on all processors) ;
+---------------------------+--------------+-------------------------+---------------------+------------------------------------+
; Analysis & Synthesis      ; 00:00:02     ; 1.0                     ; 279 MB              ; 00:00:02                           ;
; Fitter                    ; 00:00:17     ; 1.3                     ; 487 MB              ; 00:00:16                           ;
; Assembler                 ; 00:00:01     ; 1.0                     ; 219 MB              ; 00:00:00                           ;
; TimeQuest Timing Analyzer ; 00:00:10     ; 1.0                     ; 314 MB              ; 00:00:04                           ;
; EDA Netlist Writer        ; 00:00:01     ; 1.0                     ; 222 MB              ; 00:00:01                           ;
; Total                     ; 00:00:31     ; --                      ; --                  ; 00:00:23                           ;
+---------------------------+--------------+-------------------------+---------------------+------------------------------------+


+----------------------------------------------------------------------------------------+
; Flow OS Summary                                                                        ;
+---------------------------+------------------+-----------+------------+----------------+
; Module Name               ; Machine Hostname ; OS Name   ; OS Version ; Processor type ;
+---------------------------+------------------+-----------+------------+----------------+
; Analysis & Synthesis      ; DESKTOP-83VM6N6  ; Windows 7 ; 6.2        ; x86_64         ;
; Fitter                    ; DESKTOP-83VM6N6  ; Windows 7 ; 6.2        ; x86_64         ;
; Assembler                 ; DESKTOP-83VM6N6  ; Windows 7 ; 6.2        ; x86_64         ;
; TimeQuest Timing Analyzer ; DESKTOP-83VM6N6  ; Windows 7 ; 6.2        ; x86_64         ;
; EDA Netlist Writer        ; DESKTOP-83VM6N6  ; Windows 7 ; 6.2        ; x86_64         ;
+---------------------------+------------------+-----------+------------+----------------+


------------
; Flow Log ;
------------
quartus_map --read_settings_files=on --write_settings_files=off binary_decoder -c binary_decoder_top
quartus_fit --read_settings_files=off --write_settings_files=off binary_decoder -c binary_decoder_top
quartus_asm --read_settings_files=off --write_settings_files=off binary_decoder -c binary_decoder_top
quartus_sta binary_decoder -c binary_decoder_top
quartus_eda --read_settings_files=off --write_settings_files=off binary_decoder -c binary_decoder_top



